#-----------------------------------------------------------
# Vivado v2018.2 (64-bit)
# SW Build 2258646 on Thu Jun 14 20:03:12 MDT 2018
# IP Build 2256618 on Thu Jun 14 22:10:49 MDT 2018
# Start of session at: Mon Mar  4 09:52:56 2024
# Process ID: 4140
# Current directory: C:/Users/Siews/Downloads/MODS
# Command line: vivado.exe -gui_launcher_event rodinguilauncherevent3272 C:\Users\Siews\Downloads\MODS\MODS.xpr
# Log file: C:/Users/Siews/Downloads/MODS/vivado.log
# Journal file: C:/Users/Siews/Downloads/MODS\vivado.jou
#-----------------------------------------------------------
start_gui
open_project C:/Users/Siews/Downloads/MODS/MODS.xpr
INFO: [Project 1-313] Project file moved from 'C:/Users/elegst/Documents/EE2026 Project/2023-24 Sem 1/To provide/MODS/.Xil/Vivado-31116-ECE-1CZ20808VG/PrjAr/_X_' since last save.
Scanning sources...
Finished scanning sources
INFO: [IP_Flow 19-234] Refreshing IP repositories
INFO: [IP_Flow 19-1704] No user IP repositories specified
INFO: [IP_Flow 19-2313] Loaded Vivado IP repository 'D:/Vivado/2018.2/data/ip'.
open_project: Time (s): cpu = 00:00:04 ; elapsed = 00:00:06 . Memory (MB): peak = 877.031 ; gain = 128.367
update_compile_order -fileset sources_1
close [ open C:/Users/Siews/Downloads/MODS/MODS.srcs/sources_1/new/clock_6dot25mhz.v w ]
add_files C:/Users/Siews/Downloads/MODS/MODS.srcs/sources_1/new/clock_6dot25mhz.v
update_compile_order -fileset sources_1
file mkdir C:/Users/Siews/Downloads/MODS/MODS.srcs/sim_1/new
set_property SOURCE_SET sources_1 [get_filesets sim_1]
close [ open C:/Users/Siews/Downloads/MODS/MODS.srcs/sim_1/new/clock_6dot25mhz_sim.v w ]
add_files -fileset sim_1 C:/Users/Siews/Downloads/MODS/MODS.srcs/sim_1/new/clock_6dot25mhz_sim.v
update_compile_order -fileset sim_1
export_ip_user_files -of_objects  [get_files C:/Users/Siews/Downloads/MODS/MODS.srcs/sources_1/new/clock_6dot25mhz.v] -no_script -reset -force -quiet
remove_files  C:/Users/Siews/Downloads/MODS/MODS.srcs/sources_1/new/clock_6dot25mhz.v
remove_files  C:/Users/Siews/Downloads/MODS/MODS.srcs/sources_1/new/clock_6dot25mhz.v
WARNING: [Vivado 12-818] No files matched 'C:/Users/Siews/Downloads/MODS/MODS.srcs/sources_1/new/clock_6dot25mhz.v'
remove_files  C:/Users/Siews/Downloads/MODS/MODS.srcs/sources_1/new/clock_6dot25mhz.v
WARNING: [Vivado 12-818] No files matched 'C:/Users/Siews/Downloads/MODS/MODS.srcs/sources_1/new/clock_6dot25mhz.v'
close [ open C:/Users/Siews/Downloads/MODS/MODS.srcs/sources_1/new/slow_clock.v w ]
add_files C:/Users/Siews/Downloads/MODS/MODS.srcs/sources_1/new/slow_clock.v
update_compile_order -fileset sources_1
export_ip_user_files -of_objects  [get_files C:/Users/Siews/Downloads/MODS/MODS.srcs/sim_1/new/clock_6dot25mhz_sim.v] -no_script -reset -force -quiet
remove_files  -fileset sim_1 C:/Users/Siews/Downloads/MODS/MODS.srcs/sim_1/new/clock_6dot25mhz_sim.v
remove_files  -fileset sim_1 C:/Users/Siews/Downloads/MODS/MODS.srcs/sim_1/new/clock_6dot25mhz_sim.v
WARNING: [Vivado 12-818] No files matched 'C:/Users/Siews/Downloads/MODS/MODS.srcs/sim_1/new/clock_6dot25mhz_sim.v'
remove_files  -fileset sim_1 C:/Users/Siews/Downloads/MODS/MODS.srcs/sim_1/new/clock_6dot25mhz_sim.v
WARNING: [Vivado 12-818] No files matched 'C:/Users/Siews/Downloads/MODS/MODS.srcs/sim_1/new/clock_6dot25mhz_sim.v'
file delete -force C:/Users/Siews/Downloads/MODS/MODS.srcs/sim_1/new/clock_6dot25mhz_sim.v
set_property SOURCE_SET sources_1 [get_filesets sim_1]
close [ open C:/Users/Siews/Downloads/MODS/MODS.srcs/sim_1/new/slow_clock_sim.v w ]
add_files -fileset sim_1 C:/Users/Siews/Downloads/MODS/MODS.srcs/sim_1/new/slow_clock_sim.v
update_compile_order -fileset sim_1
reset_run impl_1
launch_runs impl_1 -jobs 16
ERROR: [Common 17-70] Application Exception: Design checkpoint not set for synth run 'synth_1'
generate_target Simulation [get_files C:/Users/Siews/Downloads/MODS/MODS.srcs/sources_1/ip/blk_mem_gen_const/blk_mem_gen_const.xci]
INFO: [IP_Flow 19-1686] Generating 'Simulation' target for IP 'blk_mem_gen_const'...
INFO: [Common 17-41] Interrupt caught. Command should exit soon.
INFO: [Common 17-344] 'generate_target' was cancelled
set_property top slow_clock_sim [get_filesets sim_1]
set_property top_lib xil_defaultlib [get_filesets sim_1]
update_compile_order -fileset sim_1
launch_simulation
INFO: [Vivado 12-5682] Launching behavioral simulation in 'C:/Users/Siews/Downloads/MODS/MODS.sim/sim_1/behav/xsim'
INFO: [SIM-utils-51] Simulation object is 'sim_1'
INFO: [USF-XSim-7] Finding pre-compiled libraries...
INFO: [USF-XSim-11] File 'D:/Vivado/2018.2/data/xsim/xsim.ini' copied to run dir:'C:/Users/Siews/Downloads/MODS/MODS.sim/sim_1/behav/xsim'
INFO: [SIM-utils-54] Inspecting design source files for 'slow_clock_sim' in fileset 'sim_1'...
INFO: [SIM-utils-43] Exported 'C:/Users/Siews/Downloads/MODS/MODS.sim/sim_1/behav/xsim/blk_mem_gen_const.mif'
INFO: [SIM-utils-43] Exported 'C:/Users/Siews/Downloads/MODS/MODS.sim/sim_1/behav/xsim/weights.coe'
INFO: [SIM-utils-43] Exported 'C:/Users/Siews/Downloads/MODS/MODS.sim/sim_1/behav/xsim/blk_mem_gen_img.mif'
INFO: [SIM-utils-43] Exported 'C:/Users/Siews/Downloads/MODS/MODS.sim/sim_1/behav/xsim/00.coe'
INFO: [USF-XSim-97] Finding global include files...
INFO: [USF-XSim-98] Fetching design files from 'sim_1'...
INFO: [USF-XSim-2] XSim::Compile design
INFO: [USF-XSim-61] Executing 'COMPILE and ANALYZE' step in 'C:/Users/Siews/Downloads/MODS/MODS.sim/sim_1/behav/xsim'
"xvlog --incr --relax -prj slow_clock_sim_vlog.prj"
INFO: [VRFC 10-2263] Analyzing Verilog file "C:/Users/Siews/Downloads/MODS/MODS.srcs/sources_1/new/slow_clock.v" into library xil_defaultlib
INFO: [VRFC 10-311] analyzing module slow_clock
INFO: [VRFC 10-2263] Analyzing Verilog file "C:/Users/Siews/Downloads/MODS/MODS.srcs/sim_1/new/slow_clock_sim.v" into library xil_defaultlib
INFO: [VRFC 10-311] analyzing module slow_clock_sim
INFO: [VRFC 10-2263] Analyzing Verilog file "C:/Users/Siews/Downloads/MODS/MODS.sim/sim_1/behav/xsim/glbl.v" into library xil_defaultlib
INFO: [VRFC 10-311] analyzing module glbl
INFO: [USF-XSim-69] 'compile' step finished in '2' seconds
INFO: [USF-XSim-3] XSim::Elaborate design
INFO: [USF-XSim-61] Executing 'ELABORATE' step in 'C:/Users/Siews/Downloads/MODS/MODS.sim/sim_1/behav/xsim'
Vivado Simulator 2018.2
Copyright 1986-1999, 2001-2018 Xilinx, Inc. All Rights Reserved.
Running: D:/Vivado/2018.2/bin/unwrapped/win64.o/xelab.exe -wto 4c3086506e88427ca6f65a71a9035e44 --incr --debug typical --relax --mt 2 -L xil_defaultlib -L unisims_ver -L unimacro_ver -L secureip -L xpm --snapshot slow_clock_sim_behav xil_defaultlib.slow_clock_sim xil_defaultlib.glbl -log elaborate.log 
Using 2 slave threads.
Starting static elaboration
Completed static elaboration
Starting simulation data flow analysis
Completed simulation data flow analysis
Time Resolution for simulation is 1ps
Compiling module xil_defaultlib.slow_clock
Compiling module xil_defaultlib.slow_clock_sim
Compiling module xil_defaultlib.glbl
Built simulation snapshot slow_clock_sim_behav

****** Webtalk v2018.2 (64-bit)
  **** SW Build 2258646 on Thu Jun 14 20:03:12 MDT 2018
  **** IP Build 2256618 on Thu Jun 14 22:10:49 MDT 2018
    ** Copyright 1986-2018 Xilinx, Inc. All Rights Reserved.

source C:/Users/Siews/Downloads/MODS/MODS.sim/sim_1/behav/xsim/xsim.dir/slow_clock_sim_behav/webtalk/xsim_webtalk.tcl -notrace
INFO: [Common 17-206] Exiting Webtalk at Mon Mar  4 10:37:34 2024...
run_program: Time (s): cpu = 00:00:00 ; elapsed = 00:00:06 . Memory (MB): peak = 943.125 ; gain = 0.098
INFO: [USF-XSim-69] 'elaborate' step finished in '6' seconds
INFO: [USF-XSim-4] XSim::Simulate design
INFO: [USF-XSim-61] Executing 'SIMULATE' step in 'C:/Users/Siews/Downloads/MODS/MODS.sim/sim_1/behav/xsim'
INFO: [USF-XSim-98] *** Running xsim
   with args "slow_clock_sim_behav -key {Behavioral:sim_1:Functional:slow_clock_sim} -tclbatch {slow_clock_sim.tcl} -log {simulate.log}"
INFO: [USF-XSim-8] Loading simulator feature
Vivado Simulator 2018.2
Time resolution is 1 ps
source slow_clock_sim.tcl
# set curr_wave [current_wave_config]
# if { [string length $curr_wave] == 0 } {
#   if { [llength [get_objects]] > 0} {
#     add_wave /
#     set_property needs_save false [current_wave_config]
#   } else {
#      send_msg_id Add_Wave-1 WARNING "No top level signals found. Simulator will start without a wave window. If you want to open a wave window go to 'File->New Waveform Configuration' or type 'create_wave_config' in the TCL console."
#   }
# }
# run 1000ns
xsim: Time (s): cpu = 00:00:01 ; elapsed = 00:00:07 . Memory (MB): peak = 973.848 ; gain = 29.766
INFO: [USF-XSim-96] XSim completed. Design snapshot 'slow_clock_sim_behav' loaded.
INFO: [USF-XSim-97] XSim simulation ran for 1000ns
launch_simulation: Time (s): cpu = 00:00:01 ; elapsed = 00:00:15 . Memory (MB): peak = 973.848 ; gain = 32.625
close_sim
INFO: [Simtcl 6-16] Simulation closed
exit
INFO: [Common 17-206] Exiting Vivado at Mon Mar  4 10:40:58 2024...
